2018-03-24 23:14:26: Error: Cannot find module './controller/sign'
    at Function.Module._resolveFilename (module.js:538:15)
    at Function.Module._load (module.js:468:25)
    at Module.require (module.js:587:17)
    at require (internal/module.js:11:18)
    at Object.<anonymous> (E:/node.js/git/tabel/statistic_table/server/routers.js:2:1)
    at Module._compile (module.js:643:30)
    at loader (E:\node.js\git\tabel\statistic_table\node_modules\_babel-register@6.26.0@babel-register\lib\node.js:144:5)
    at Object.require.extensions.(anonymous function) [as .js] (E:\node.js\git\tabel\statistic_table\node_modules\_babel-register@6.26.0@babel-register\lib\node.js:154:7)
    at Module.load (module.js:556:32)
    at tryModuleLoad (module.js:499:12)
    at Function.Module._load (module.js:491:3)
    at Module.require (module.js:587:17)
    at require (internal/module.js:11:18)
    at Object.<anonymous> (E:/node.js/git/tabel/statistic_table/server/index.js:11:1)
    at Module._compile (module.js:643:30)
    at loader (E:\node.js\git\tabel\statistic_table\node_modules\_babel-register@6.26.0@babel-register\lib\node.js:144:5)
2018-03-24 23:14:28: Error: Cannot find module './controller/sign'
    at Function.Module._resolveFilename (module.js:538:15)
    at Function.Module._load (module.js:468:25)
    at Module.require (module.js:587:17)
    at require (internal/module.js:11:18)
    at Object.<anonymous> (E:/node.js/git/tabel/statistic_table/server/routers.js:2:1)
    at Module._compile (module.js:643:30)
    at loader (E:\node.js\git\tabel\statistic_table\node_modules\_babel-register@6.26.0@babel-register\lib\node.js:144:5)
    at Object.require.extensions.(anonymous function) [as .js] (E:\node.js\git\tabel\statistic_table\node_modules\_babel-register@6.26.0@babel-register\lib\node.js:154:7)
    at Module.load (module.js:556:32)
    at tryModuleLoad (module.js:499:12)
    at Function.Module._load (module.js:491:3)
    at Module.require (module.js:587:17)
    at require (internal/module.js:11:18)
    at Object.<anonymous> (E:/node.js/git/tabel/statistic_table/server/index.js:11:1)
    at Module._compile (module.js:643:30)
    at loader (E:\node.js\git\tabel\statistic_table\node_modules\_babel-register@6.26.0@babel-register\lib\node.js:144:5)
2018-03-24 23:14:29: Error: Cannot find module './controller/sign'
    at Function.Module._resolveFilename (module.js:538:15)
    at Function.Module._load (module.js:468:25)
    at Module.require (module.js:587:17)
    at require (internal/module.js:11:18)
    at Object.<anonymous> (E:/node.js/git/tabel/statistic_table/server/routers.js:2:1)
    at Module._compile (module.js:643:30)
    at loader (E:\node.js\git\tabel\statistic_table\node_modules\_babel-register@6.26.0@babel-register\lib\node.js:144:5)
    at Object.require.extensions.(anonymous function) [as .js] (E:\node.js\git\tabel\statistic_table\node_modules\_babel-register@6.26.0@babel-register\lib\node.js:154:7)
    at Module.load (module.js:556:32)
    at tryModuleLoad (module.js:499:12)
    at Function.Module._load (module.js:491:3)
    at Module.require (module.js:587:17)
    at require (internal/module.js:11:18)
    at Object.<anonymous> (E:/node.js/git/tabel/statistic_table/server/index.js:11:1)
    at Module._compile (module.js:643:30)
    at loader (E:\node.js\git\tabel\statistic_table\node_modules\_babel-register@6.26.0@babel-register\lib\node.js:144:5)
2018-03-24 23:14:30: Error: Cannot find module './controller/sign'
    at Function.Module._resolveFilename (module.js:538:15)
    at Function.Module._load (module.js:468:25)
    at Module.require (module.js:587:17)
    at require (internal/module.js:11:18)
    at Object.<anonymous> (E:/node.js/git/tabel/statistic_table/server/routers.js:2:1)
    at Module._compile (module.js:643:30)
    at loader (E:\node.js\git\tabel\statistic_table\node_modules\_babel-register@6.26.0@babel-register\lib\node.js:144:5)
    at Object.require.extensions.(anonymous function) [as .js] (E:\node.js\git\tabel\statistic_table\node_modules\_babel-register@6.26.0@babel-register\lib\node.js:154:7)
    at Module.load (module.js:556:32)
    at tryModuleLoad (module.js:499:12)
    at Function.Module._load (module.js:491:3)
    at Module.require (module.js:587:17)
    at require (internal/module.js:11:18)
    at Object.<anonymous> (E:/node.js/git/tabel/statistic_table/server/index.js:11:1)
    at Module._compile (module.js:643:30)
    at loader (E:\node.js\git\tabel\statistic_table\node_modules\_babel-register@6.26.0@babel-register\lib\node.js:144:5)
2018-03-24 23:14:32: Error: Cannot find module './controller/sign'
    at Function.Module._resolveFilename (module.js:538:15)
    at Function.Module._load (module.js:468:25)
    at Module.require (module.js:587:17)
    at require (internal/module.js:11:18)
    at Object.<anonymous> (E:/node.js/git/tabel/statistic_table/server/routers.js:2:1)
    at Module._compile (module.js:643:30)
    at loader (E:\node.js\git\tabel\statistic_table\node_modules\_babel-register@6.26.0@babel-register\lib\node.js:144:5)
    at Object.require.extensions.(anonymous function) [as .js] (E:\node.js\git\tabel\statistic_table\node_modules\_babel-register@6.26.0@babel-register\lib\node.js:154:7)
    at Module.load (module.js:556:32)
    at tryModuleLoad (module.js:499:12)
    at Function.Module._load (module.js:491:3)
    at Module.require (module.js:587:17)
    at require (internal/module.js:11:18)
    at Object.<anonymous> (E:/node.js/git/tabel/statistic_table/server/index.js:11:1)
    at Module._compile (module.js:643:30)
    at loader (E:\node.js\git\tabel\statistic_table\node_modules\_babel-register@6.26.0@babel-register\lib\node.js:144:5)
2018-03-24 23:14:33: Error: Cannot find module './controller/sign'
    at Function.Module._resolveFilename (module.js:538:15)
    at Function.Module._load (module.js:468:25)
    at Module.require (module.js:587:17)
    at require (internal/module.js:11:18)
    at Object.<anonymous> (E:/node.js/git/tabel/statistic_table/server/routers.js:2:1)
    at Module._compile (module.js:643:30)
    at loader (E:\node.js\git\tabel\statistic_table\node_modules\_babel-register@6.26.0@babel-register\lib\node.js:144:5)
    at Object.require.extensions.(anonymous function) [as .js] (E:\node.js\git\tabel\statistic_table\node_modules\_babel-register@6.26.0@babel-register\lib\node.js:154:7)
    at Module.load (module.js:556:32)
    at tryModuleLoad (module.js:499:12)
    at Function.Module._load (module.js:491:3)
    at Module.require (module.js:587:17)
    at require (internal/module.js:11:18)
    at Object.<anonymous> (E:/node.js/git/tabel/statistic_table/server/index.js:11:1)
    at Module._compile (module.js:643:30)
    at loader (E:\node.js\git\tabel\statistic_table\node_modules\_babel-register@6.26.0@babel-register\lib\node.js:144:5)
2018-03-24 23:14:35: Error: Cannot find module './controller/sign'
    at Function.Module._resolveFilename (module.js:538:15)
    at Function.Module._load (module.js:468:25)
    at Module.require (module.js:587:17)
    at require (internal/module.js:11:18)
    at Object.<anonymous> (E:/node.js/git/tabel/statistic_table/server/routers.js:2:1)
    at Module._compile (module.js:643:30)
    at loader (E:\node.js\git\tabel\statistic_table\node_modules\_babel-register@6.26.0@babel-register\lib\node.js:144:5)
    at Object.require.extensions.(anonymous function) [as .js] (E:\node.js\git\tabel\statistic_table\node_modules\_babel-register@6.26.0@babel-register\lib\node.js:154:7)
    at Module.load (module.js:556:32)
    at tryModuleLoad (module.js:499:12)
    at Function.Module._load (module.js:491:3)
    at Module.require (module.js:587:17)
    at require (internal/module.js:11:18)
    at Object.<anonymous> (E:/node.js/git/tabel/statistic_table/server/index.js:11:1)
    at Module._compile (module.js:643:30)
    at loader (E:\node.js\git\tabel\statistic_table\node_modules\_babel-register@6.26.0@babel-register\lib\node.js:144:5)
2018-03-24 23:14:36: Error: Cannot find module './controller/sign'
    at Function.Module._resolveFilename (module.js:538:15)
    at Function.Module._load (module.js:468:25)
    at Module.require (module.js:587:17)
    at require (internal/module.js:11:18)
    at Object.<anonymous> (E:/node.js/git/tabel/statistic_table/server/routers.js:2:1)
    at Module._compile (module.js:643:30)
    at loader (E:\node.js\git\tabel\statistic_table\node_modules\_babel-register@6.26.0@babel-register\lib\node.js:144:5)
    at Object.require.extensions.(anonymous function) [as .js] (E:\node.js\git\tabel\statistic_table\node_modules\_babel-register@6.26.0@babel-register\lib\node.js:154:7)
    at Module.load (module.js:556:32)
    at tryModuleLoad (module.js:499:12)
    at Function.Module._load (module.js:491:3)
    at Module.require (module.js:587:17)
    at require (internal/module.js:11:18)
    at Object.<anonymous> (E:/node.js/git/tabel/statistic_table/server/index.js:11:1)
    at Module._compile (module.js:643:30)
    at loader (E:\node.js\git\tabel\statistic_table\node_modules\_babel-register@6.26.0@babel-register\lib\node.js:144:5)
2018-03-24 23:14:38: Error: Cannot find module './controller/sign'
    at Function.Module._resolveFilename (module.js:538:15)
    at Function.Module._load (module.js:468:25)
    at Module.require (module.js:587:17)
    at require (internal/module.js:11:18)
    at Object.<anonymous> (E:/node.js/git/tabel/statistic_table/server/routers.js:2:1)
    at Module._compile (module.js:643:30)
    at loader (E:\node.js\git\tabel\statistic_table\node_modules\_babel-register@6.26.0@babel-register\lib\node.js:144:5)
    at Object.require.extensions.(anonymous function) [as .js] (E:\node.js\git\tabel\statistic_table\node_modules\_babel-register@6.26.0@babel-register\lib\node.js:154:7)
    at Module.load (module.js:556:32)
    at tryModuleLoad (module.js:499:12)
    at Function.Module._load (module.js:491:3)
    at Module.require (module.js:587:17)
    at require (internal/module.js:11:18)
    at Object.<anonymous> (E:/node.js/git/tabel/statistic_table/server/index.js:11:1)
    at Module._compile (module.js:643:30)
    at loader (E:\node.js\git\tabel\statistic_table\node_modules\_babel-register@6.26.0@babel-register\lib\node.js:144:5)
2018-03-24 23:14:39: Error: Cannot find module './controller/sign'
    at Function.Module._resolveFilename (module.js:538:15)
    at Function.Module._load (module.js:468:25)
    at Module.require (module.js:587:17)
    at require (internal/module.js:11:18)
    at Object.<anonymous> (E:/node.js/git/tabel/statistic_table/server/routers.js:2:1)
    at Module._compile (module.js:643:30)
    at loader (E:\node.js\git\tabel\statistic_table\node_modules\_babel-register@6.26.0@babel-register\lib\node.js:144:5)
    at Object.require.extensions.(anonymous function) [as .js] (E:\node.js\git\tabel\statistic_table\node_modules\_babel-register@6.26.0@babel-register\lib\node.js:154:7)
    at Module.load (module.js:556:32)
    at tryModuleLoad (module.js:499:12)
    at Function.Module._load (module.js:491:3)
    at Module.require (module.js:587:17)
    at require (internal/module.js:11:18)
    at Object.<anonymous> (E:/node.js/git/tabel/statistic_table/server/index.js:11:1)
    at Module._compile (module.js:643:30)
    at loader (E:\node.js\git\tabel\statistic_table\node_modules\_babel-register@6.26.0@babel-register\lib\node.js:144:5)
2018-03-24 23:14:40: Error: Cannot find module './controller/sign'
    at Function.Module._resolveFilename (module.js:538:15)
    at Function.Module._load (module.js:468:25)
    at Module.require (module.js:587:17)
    at require (internal/module.js:11:18)
    at Object.<anonymous> (E:/node.js/git/tabel/statistic_table/server/routers.js:2:1)
    at Module._compile (module.js:643:30)
    at loader (E:\node.js\git\tabel\statistic_table\node_modules\_babel-register@6.26.0@babel-register\lib\node.js:144:5)
    at Object.require.extensions.(anonymous function) [as .js] (E:\node.js\git\tabel\statistic_table\node_modules\_babel-register@6.26.0@babel-register\lib\node.js:154:7)
    at Module.load (module.js:556:32)
    at tryModuleLoad (module.js:499:12)
    at Function.Module._load (module.js:491:3)
    at Module.require (module.js:587:17)
    at require (internal/module.js:11:18)
    at Object.<anonymous> (E:/node.js/git/tabel/statistic_table/server/index.js:11:1)
    at Module._compile (module.js:643:30)
    at loader (E:\node.js\git\tabel\statistic_table\node_modules\_babel-register@6.26.0@babel-register\lib\node.js:144:5)
2018-03-24 23:14:42: Error: Cannot find module './controller/sign'
    at Function.Module._resolveFilename (module.js:538:15)
    at Function.Module._load (module.js:468:25)
    at Module.require (module.js:587:17)
    at require (internal/module.js:11:18)
    at Object.<anonymous> (E:/node.js/git/tabel/statistic_table/server/routers.js:2:1)
    at Module._compile (module.js:643:30)
    at loader (E:\node.js\git\tabel\statistic_table\node_modules\_babel-register@6.26.0@babel-register\lib\node.js:144:5)
    at Object.require.extensions.(anonymous function) [as .js] (E:\node.js\git\tabel\statistic_table\node_modules\_babel-register@6.26.0@babel-register\lib\node.js:154:7)
    at Module.load (module.js:556:32)
    at tryModuleLoad (module.js:499:12)
    at Function.Module._load (module.js:491:3)
    at Module.require (module.js:587:17)
    at require (internal/module.js:11:18)
    at Object.<anonymous> (E:/node.js/git/tabel/statistic_table/server/index.js:11:1)
    at Module._compile (module.js:643:30)
    at loader (E:\node.js\git\tabel\statistic_table\node_modules\_babel-register@6.26.0@babel-register\lib\node.js:144:5)
2018-03-24 23:14:43: Error: Cannot find module './controller/sign'
    at Function.Module._resolveFilename (module.js:538:15)
    at Function.Module._load (module.js:468:25)
    at Module.require (module.js:587:17)
    at require (internal/module.js:11:18)
    at Object.<anonymous> (E:/node.js/git/tabel/statistic_table/server/routers.js:2:1)
    at Module._compile (module.js:643:30)
    at loader (E:\node.js\git\tabel\statistic_table\node_modules\_babel-register@6.26.0@babel-register\lib\node.js:144:5)
    at Object.require.extensions.(anonymous function) [as .js] (E:\node.js\git\tabel\statistic_table\node_modules\_babel-register@6.26.0@babel-register\lib\node.js:154:7)
    at Module.load (module.js:556:32)
    at tryModuleLoad (module.js:499:12)
    at Function.Module._load (module.js:491:3)
    at Module.require (module.js:587:17)
    at require (internal/module.js:11:18)
    at Object.<anonymous> (E:/node.js/git/tabel/statistic_table/server/index.js:11:1)
    at Module._compile (module.js:643:30)
    at loader (E:\node.js\git\tabel\statistic_table\node_modules\_babel-register@6.26.0@babel-register\lib\node.js:144:5)
2018-03-24 23:14:44: Error: Cannot find module './controller/sign'
    at Function.Module._resolveFilename (module.js:538:15)
    at Function.Module._load (module.js:468:25)
    at Module.require (module.js:587:17)
    at require (internal/module.js:11:18)
    at Object.<anonymous> (E:/node.js/git/tabel/statistic_table/server/routers.js:2:1)
    at Module._compile (module.js:643:30)
    at loader (E:\node.js\git\tabel\statistic_table\node_modules\_babel-register@6.26.0@babel-register\lib\node.js:144:5)
    at Object.require.extensions.(anonymous function) [as .js] (E:\node.js\git\tabel\statistic_table\node_modules\_babel-register@6.26.0@babel-register\lib\node.js:154:7)
    at Module.load (module.js:556:32)
    at tryModuleLoad (module.js:499:12)
    at Function.Module._load (module.js:491:3)
    at Module.require (module.js:587:17)
    at require (internal/module.js:11:18)
    at Object.<anonymous> (E:/node.js/git/tabel/statistic_table/server/index.js:11:1)
    at Module._compile (module.js:643:30)
    at loader (E:\node.js\git\tabel\statistic_table\node_modules\_babel-register@6.26.0@babel-register\lib\node.js:144:5)
2018-03-24 23:14:46: Error: Cannot find module './controller/sign'
    at Function.Module._resolveFilename (module.js:538:15)
    at Function.Module._load (module.js:468:25)
    at Module.require (module.js:587:17)
    at require (internal/module.js:11:18)
    at Object.<anonymous> (E:/node.js/git/tabel/statistic_table/server/routers.js:2:1)
    at Module._compile (module.js:643:30)
    at loader (E:\node.js\git\tabel\statistic_table\node_modules\_babel-register@6.26.0@babel-register\lib\node.js:144:5)
    at Object.require.extensions.(anonymous function) [as .js] (E:\node.js\git\tabel\statistic_table\node_modules\_babel-register@6.26.0@babel-register\lib\node.js:154:7)
    at Module.load (module.js:556:32)
    at tryModuleLoad (module.js:499:12)
    at Function.Module._load (module.js:491:3)
    at Module.require (module.js:587:17)
    at require (internal/module.js:11:18)
    at Object.<anonymous> (E:/node.js/git/tabel/statistic_table/server/index.js:11:1)
    at Module._compile (module.js:643:30)
    at loader (E:\node.js\git\tabel\statistic_table\node_modules\_babel-register@6.26.0@babel-register\lib\node.js:144:5)
2018-03-24 23:14:47: Error: Cannot find module './controller/sign'
    at Function.Module._resolveFilename (module.js:538:15)
    at Function.Module._load (module.js:468:25)
    at Module.require (module.js:587:17)
    at require (internal/module.js:11:18)
    at Object.<anonymous> (E:/node.js/git/tabel/statistic_table/server/routers.js:2:1)
    at Module._compile (module.js:643:30)
    at loader (E:\node.js\git\tabel\statistic_table\node_modules\_babel-register@6.26.0@babel-register\lib\node.js:144:5)
    at Object.require.extensions.(anonymous function) [as .js] (E:\node.js\git\tabel\statistic_table\node_modules\_babel-register@6.26.0@babel-register\lib\node.js:154:7)
    at Module.load (module.js:556:32)
    at tryModuleLoad (module.js:499:12)
    at Function.Module._load (module.js:491:3)
    at Module.require (module.js:587:17)
    at require (internal/module.js:11:18)
    at Object.<anonymous> (E:/node.js/git/tabel/statistic_table/server/index.js:11:1)
    at Module._compile (module.js:643:30)
    at loader (E:\node.js\git\tabel\statistic_table\node_modules\_babel-register@6.26.0@babel-register\lib\node.js:144:5)
2018-03-24 23:14:49: Error: Cannot find module './controller/sign'
    at Function.Module._resolveFilename (module.js:538:15)
    at Function.Module._load (module.js:468:25)
    at Module.require (module.js:587:17)
    at require (internal/module.js:11:18)
    at Object.<anonymous> (E:/node.js/git/tabel/statistic_table/server/routers.js:2:1)
    at Module._compile (module.js:643:30)
    at loader (E:\node.js\git\tabel\statistic_table\node_modules\_babel-register@6.26.0@babel-register\lib\node.js:144:5)
    at Object.require.extensions.(anonymous function) [as .js] (E:\node.js\git\tabel\statistic_table\node_modules\_babel-register@6.26.0@babel-register\lib\node.js:154:7)
    at Module.load (module.js:556:32)
    at tryModuleLoad (module.js:499:12)
    at Function.Module._load (module.js:491:3)
    at Module.require (module.js:587:17)
    at require (internal/module.js:11:18)
    at Object.<anonymous> (E:/node.js/git/tabel/statistic_table/server/index.js:11:1)
    at Module._compile (module.js:643:30)
    at loader (E:\node.js\git\tabel\statistic_table\node_modules\_babel-register@6.26.0@babel-register\lib\node.js:144:5)
2018-03-24 23:14:50: Error: Cannot find module './controller/sign'
    at Function.Module._resolveFilename (module.js:538:15)
    at Function.Module._load (module.js:468:25)
    at Module.require (module.js:587:17)
    at require (internal/module.js:11:18)
    at Object.<anonymous> (E:/node.js/git/tabel/statistic_table/server/routers.js:2:1)
    at Module._compile (module.js:643:30)
    at loader (E:\node.js\git\tabel\statistic_table\node_modules\_babel-register@6.26.0@babel-register\lib\node.js:144:5)
    at Object.require.extensions.(anonymous function) [as .js] (E:\node.js\git\tabel\statistic_table\node_modules\_babel-register@6.26.0@babel-register\lib\node.js:154:7)
    at Module.load (module.js:556:32)
    at tryModuleLoad (module.js:499:12)
    at Function.Module._load (module.js:491:3)
    at Module.require (module.js:587:17)
    at require (internal/module.js:11:18)
    at Object.<anonymous> (E:/node.js/git/tabel/statistic_table/server/index.js:11:1)
    at Module._compile (module.js:643:30)
    at loader (E:\node.js\git\tabel\statistic_table\node_modules\_babel-register@6.26.0@babel-register\lib\node.js:144:5)
2018-03-24 23:14:53: Error: Cannot find module './controller/sign'
    at Function.Module._resolveFilename (module.js:538:15)
    at Function.Module._load (module.js:468:25)
    at Module.require (module.js:587:17)
    at require (internal/module.js:11:18)
    at Object.<anonymous> (E:/node.js/git/tabel/statistic_table/server/routers.js:2:1)
    at Module._compile (module.js:643:30)
    at loader (E:\node.js\git\tabel\statistic_table\node_modules\_babel-register@6.26.0@babel-register\lib\node.js:144:5)
    at Object.require.extensions.(anonymous function) [as .js] (E:\node.js\git\tabel\statistic_table\node_modules\_babel-register@6.26.0@babel-register\lib\node.js:154:7)
    at Module.load (module.js:556:32)
    at tryModuleLoad (module.js:499:12)
    at Function.Module._load (module.js:491:3)
    at Module.require (module.js:587:17)
    at require (internal/module.js:11:18)
    at Object.<anonymous> (E:/node.js/git/tabel/statistic_table/server/index.js:11:1)
    at Module._compile (module.js:643:30)
    at loader (E:\node.js\git\tabel\statistic_table\node_modules\_babel-register@6.26.0@babel-register\lib\node.js:144:5)
2018-03-24 23:14:54: Error: Cannot find module './controller/sign'
    at Function.Module._resolveFilename (module.js:538:15)
    at Function.Module._load (module.js:468:25)
    at Module.require (module.js:587:17)
    at require (internal/module.js:11:18)
    at Object.<anonymous> (E:/node.js/git/tabel/statistic_table/server/routers.js:2:1)
    at Module._compile (module.js:643:30)
    at loader (E:\node.js\git\tabel\statistic_table\node_modules\_babel-register@6.26.0@babel-register\lib\node.js:144:5)
    at Object.require.extensions.(anonymous function) [as .js] (E:\node.js\git\tabel\statistic_table\node_modules\_babel-register@6.26.0@babel-register\lib\node.js:154:7)
    at Module.load (module.js:556:32)
    at tryModuleLoad (module.js:499:12)
    at Function.Module._load (module.js:491:3)
    at Module.require (module.js:587:17)
    at require (internal/module.js:11:18)
    at Object.<anonymous> (E:/node.js/git/tabel/statistic_table/server/index.js:11:1)
    at Module._compile (module.js:643:30)
    at loader (E:\node.js\git\tabel\statistic_table\node_modules\_babel-register@6.26.0@babel-register\lib\node.js:144:5)
2018-03-24 23:14:56: Error: Cannot find module './controller/sign'
    at Function.Module._resolveFilename (module.js:538:15)
    at Function.Module._load (module.js:468:25)
    at Module.require (module.js:587:17)
    at require (internal/module.js:11:18)
    at Object.<anonymous> (E:/node.js/git/tabel/statistic_table/server/routers.js:2:1)
    at Module._compile (module.js:643:30)
    at loader (E:\node.js\git\tabel\statistic_table\node_modules\_babel-register@6.26.0@babel-register\lib\node.js:144:5)
    at Object.require.extensions.(anonymous function) [as .js] (E:\node.js\git\tabel\statistic_table\node_modules\_babel-register@6.26.0@babel-register\lib\node.js:154:7)
    at Module.load (module.js:556:32)
    at tryModuleLoad (module.js:499:12)
    at Function.Module._load (module.js:491:3)
    at Module.require (module.js:587:17)
    at require (internal/module.js:11:18)
    at Object.<anonymous> (E:/node.js/git/tabel/statistic_table/server/index.js:11:1)
    at Module._compile (module.js:643:30)
    at loader (E:\node.js\git\tabel\statistic_table\node_modules\_babel-register@6.26.0@babel-register\lib\node.js:144:5)
2018-03-24 23:14:57: Error: Cannot find module './controller/sign'
    at Function.Module._resolveFilename (module.js:538:15)
    at Function.Module._load (module.js:468:25)
    at Module.require (module.js:587:17)
    at require (internal/module.js:11:18)
    at Object.<anonymous> (E:/node.js/git/tabel/statistic_table/server/routers.js:2:1)
    at Module._compile (module.js:643:30)
    at loader (E:\node.js\git\tabel\statistic_table\node_modules\_babel-register@6.26.0@babel-register\lib\node.js:144:5)
    at Object.require.extensions.(anonymous function) [as .js] (E:\node.js\git\tabel\statistic_table\node_modules\_babel-register@6.26.0@babel-register\lib\node.js:154:7)
    at Module.load (module.js:556:32)
    at tryModuleLoad (module.js:499:12)
    at Function.Module._load (module.js:491:3)
    at Module.require (module.js:587:17)
    at require (internal/module.js:11:18)
    at Object.<anonymous> (E:/node.js/git/tabel/statistic_table/server/index.js:11:1)
    at Module._compile (module.js:643:30)
    at loader (E:\node.js\git\tabel\statistic_table\node_modules\_babel-register@6.26.0@babel-register\lib\node.js:144:5)
2018-03-24 23:14:59: Error: Cannot find module './controller/sign'
    at Function.Module._resolveFilename (module.js:538:15)
    at Function.Module._load (module.js:468:25)
    at Module.require (module.js:587:17)
    at require (internal/module.js:11:18)
    at Object.<anonymous> (E:/node.js/git/tabel/statistic_table/server/routers.js:2:1)
    at Module._compile (module.js:643:30)
    at loader (E:\node.js\git\tabel\statistic_table\node_modules\_babel-register@6.26.0@babel-register\lib\node.js:144:5)
    at Object.require.extensions.(anonymous function) [as .js] (E:\node.js\git\tabel\statistic_table\node_modules\_babel-register@6.26.0@babel-register\lib\node.js:154:7)
    at Module.load (module.js:556:32)
    at tryModuleLoad (module.js:499:12)
    at Function.Module._load (module.js:491:3)
    at Module.require (module.js:587:17)
    at require (internal/module.js:11:18)
    at Object.<anonymous> (E:/node.js/git/tabel/statistic_table/server/index.js:11:1)
    at Module._compile (module.js:643:30)
    at loader (E:\node.js\git\tabel\statistic_table\node_modules\_babel-register@6.26.0@babel-register\lib\node.js:144:5)
2018-03-24 23:15:00: Error: Cannot find module './controller/sign'
    at Function.Module._resolveFilename (module.js:538:15)
    at Function.Module._load (module.js:468:25)
    at Module.require (module.js:587:17)
    at require (internal/module.js:11:18)
    at Object.<anonymous> (E:/node.js/git/tabel/statistic_table/server/routers.js:2:1)
    at Module._compile (module.js:643:30)
    at loader (E:\node.js\git\tabel\statistic_table\node_modules\_babel-register@6.26.0@babel-register\lib\node.js:144:5)
    at Object.require.extensions.(anonymous function) [as .js] (E:\node.js\git\tabel\statistic_table\node_modules\_babel-register@6.26.0@babel-register\lib\node.js:154:7)
    at Module.load (module.js:556:32)
    at tryModuleLoad (module.js:499:12)
    at Function.Module._load (module.js:491:3)
    at Module.require (module.js:587:17)
    at require (internal/module.js:11:18)
    at Object.<anonymous> (E:/node.js/git/tabel/statistic_table/server/index.js:11:1)
    at Module._compile (module.js:643:30)
    at loader (E:\node.js\git\tabel\statistic_table\node_modules\_babel-register@6.26.0@babel-register\lib\node.js:144:5)
2018-03-24 23:15:01: Error: Cannot find module './controller/sign'
    at Function.Module._resolveFilename (module.js:538:15)
    at Function.Module._load (module.js:468:25)
    at Module.require (module.js:587:17)
    at require (internal/module.js:11:18)
    at Object.<anonymous> (E:/node.js/git/tabel/statistic_table/server/routers.js:2:1)
    at Module._compile (module.js:643:30)
    at loader (E:\node.js\git\tabel\statistic_table\node_modules\_babel-register@6.26.0@babel-register\lib\node.js:144:5)
    at Object.require.extensions.(anonymous function) [as .js] (E:\node.js\git\tabel\statistic_table\node_modules\_babel-register@6.26.0@babel-register\lib\node.js:154:7)
    at Module.load (module.js:556:32)
    at tryModuleLoad (module.js:499:12)
    at Function.Module._load (module.js:491:3)
    at Module.require (module.js:587:17)
    at require (internal/module.js:11:18)
    at Object.<anonymous> (E:/node.js/git/tabel/statistic_table/server/index.js:11:1)
    at Module._compile (module.js:643:30)
    at loader (E:\node.js\git\tabel\statistic_table\node_modules\_babel-register@6.26.0@babel-register\lib\node.js:144:5)
2018-03-24 23:15:03: Error: Cannot find module './controller/sign'
    at Function.Module._resolveFilename (module.js:538:15)
    at Function.Module._load (module.js:468:25)
    at Module.require (module.js:587:17)
    at require (internal/module.js:11:18)
    at Object.<anonymous> (E:/node.js/git/tabel/statistic_table/server/routers.js:2:1)
    at Module._compile (module.js:643:30)
    at loader (E:\node.js\git\tabel\statistic_table\node_modules\_babel-register@6.26.0@babel-register\lib\node.js:144:5)
    at Object.require.extensions.(anonymous function) [as .js] (E:\node.js\git\tabel\statistic_table\node_modules\_babel-register@6.26.0@babel-register\lib\node.js:154:7)
    at Module.load (module.js:556:32)
    at tryModuleLoad (module.js:499:12)
    at Function.Module._load (module.js:491:3)
    at Module.require (module.js:587:17)
    at require (internal/module.js:11:18)
    at Object.<anonymous> (E:/node.js/git/tabel/statistic_table/server/index.js:11:1)
    at Module._compile (module.js:643:30)
    at loader (E:\node.js\git\tabel\statistic_table\node_modules\_babel-register@6.26.0@babel-register\lib\node.js:144:5)
2018-03-24 23:15:04: Error: Cannot find module './controller/sign'
    at Function.Module._resolveFilename (module.js:538:15)
    at Function.Module._load (module.js:468:25)
    at Module.require (module.js:587:17)
    at require (internal/module.js:11:18)
    at Object.<anonymous> (E:/node.js/git/tabel/statistic_table/server/routers.js:2:1)
    at Module._compile (module.js:643:30)
    at loader (E:\node.js\git\tabel\statistic_table\node_modules\_babel-register@6.26.0@babel-register\lib\node.js:144:5)
    at Object.require.extensions.(anonymous function) [as .js] (E:\node.js\git\tabel\statistic_table\node_modules\_babel-register@6.26.0@babel-register\lib\node.js:154:7)
    at Module.load (module.js:556:32)
    at tryModuleLoad (module.js:499:12)
    at Function.Module._load (module.js:491:3)
    at Module.require (module.js:587:17)
    at require (internal/module.js:11:18)
    at Object.<anonymous> (E:/node.js/git/tabel/statistic_table/server/index.js:11:1)
    at Module._compile (module.js:643:30)
    at loader (E:\node.js\git\tabel\statistic_table\node_modules\_babel-register@6.26.0@babel-register\lib\node.js:144:5)
2018-03-24 23:15:06: Error: Cannot find module './controller/sign'
    at Function.Module._resolveFilename (module.js:538:15)
    at Function.Module._load (module.js:468:25)
    at Module.require (module.js:587:17)
    at require (internal/module.js:11:18)
    at Object.<anonymous> (E:/node.js/git/tabel/statistic_table/server/routers.js:2:1)
    at Module._compile (module.js:643:30)
    at loader (E:\node.js\git\tabel\statistic_table\node_modules\_babel-register@6.26.0@babel-register\lib\node.js:144:5)
    at Object.require.extensions.(anonymous function) [as .js] (E:\node.js\git\tabel\statistic_table\node_modules\_babel-register@6.26.0@babel-register\lib\node.js:154:7)
    at Module.load (module.js:556:32)
    at tryModuleLoad (module.js:499:12)
    at Function.Module._load (module.js:491:3)
    at Module.require (module.js:587:17)
    at require (internal/module.js:11:18)
    at Object.<anonymous> (E:/node.js/git/tabel/statistic_table/server/index.js:11:1)
    at Module._compile (module.js:643:30)
    at loader (E:\node.js\git\tabel\statistic_table\node_modules\_babel-register@6.26.0@babel-register\lib\node.js:144:5)
2018-03-24 23:15:07: Error: Cannot find module './controller/sign'
    at Function.Module._resolveFilename (module.js:538:15)
    at Function.Module._load (module.js:468:25)
    at Module.require (module.js:587:17)
    at require (internal/module.js:11:18)
    at Object.<anonymous> (E:/node.js/git/tabel/statistic_table/server/routers.js:2:1)
    at Module._compile (module.js:643:30)
    at loader (E:\node.js\git\tabel\statistic_table\node_modules\_babel-register@6.26.0@babel-register\lib\node.js:144:5)
    at Object.require.extensions.(anonymous function) [as .js] (E:\node.js\git\tabel\statistic_table\node_modules\_babel-register@6.26.0@babel-register\lib\node.js:154:7)
    at Module.load (module.js:556:32)
    at tryModuleLoad (module.js:499:12)
    at Function.Module._load (module.js:491:3)
    at Module.require (module.js:587:17)
    at require (internal/module.js:11:18)
    at Object.<anonymous> (E:/node.js/git/tabel/statistic_table/server/index.js:11:1)
    at Module._compile (module.js:643:30)
    at loader (E:\node.js\git\tabel\statistic_table\node_modules\_babel-register@6.26.0@babel-register\lib\node.js:144:5)
2018-03-24 23:15:08: Error: Cannot find module './controller/sign'
    at Function.Module._resolveFilename (module.js:538:15)
    at Function.Module._load (module.js:468:25)
    at Module.require (module.js:587:17)
    at require (internal/module.js:11:18)
    at Object.<anonymous> (E:/node.js/git/tabel/statistic_table/server/routers.js:2:1)
    at Module._compile (module.js:643:30)
    at loader (E:\node.js\git\tabel\statistic_table\node_modules\_babel-register@6.26.0@babel-register\lib\node.js:144:5)
    at Object.require.extensions.(anonymous function) [as .js] (E:\node.js\git\tabel\statistic_table\node_modules\_babel-register@6.26.0@babel-register\lib\node.js:154:7)
    at Module.load (module.js:556:32)
    at tryModuleLoad (module.js:499:12)
    at Function.Module._load (module.js:491:3)
    at Module.require (module.js:587:17)
    at require (internal/module.js:11:18)
    at Object.<anonymous> (E:/node.js/git/tabel/statistic_table/server/index.js:11:1)
    at Module._compile (module.js:643:30)
    at loader (E:\node.js\git\tabel\statistic_table\node_modules\_babel-register@6.26.0@babel-register\lib\node.js:144:5)
2018-03-24 23:15:10: Error: Cannot find module './controller/sign'
    at Function.Module._resolveFilename (module.js:538:15)
    at Function.Module._load (module.js:468:25)
    at Module.require (module.js:587:17)
    at require (internal/module.js:11:18)
    at Object.<anonymous> (E:/node.js/git/tabel/statistic_table/server/routers.js:2:1)
    at Module._compile (module.js:643:30)
    at loader (E:\node.js\git\tabel\statistic_table\node_modules\_babel-register@6.26.0@babel-register\lib\node.js:144:5)
    at Object.require.extensions.(anonymous function) [as .js] (E:\node.js\git\tabel\statistic_table\node_modules\_babel-register@6.26.0@babel-register\lib\node.js:154:7)
    at Module.load (module.js:556:32)
    at tryModuleLoad (module.js:499:12)
    at Function.Module._load (module.js:491:3)
    at Module.require (module.js:587:17)
    at require (internal/module.js:11:18)
    at Object.<anonymous> (E:/node.js/git/tabel/statistic_table/server/index.js:11:1)
    at Module._compile (module.js:643:30)
    at loader (E:\node.js\git\tabel\statistic_table\node_modules\_babel-register@6.26.0@babel-register\lib\node.js:144:5)
2018-03-24 23:15:11: Error: Cannot find module './controller/sign'
    at Function.Module._resolveFilename (module.js:538:15)
    at Function.Module._load (module.js:468:25)
    at Module.require (module.js:587:17)
    at require (internal/module.js:11:18)
    at Object.<anonymous> (E:/node.js/git/tabel/statistic_table/server/routers.js:2:1)
    at Module._compile (module.js:643:30)
    at loader (E:\node.js\git\tabel\statistic_table\node_modules\_babel-register@6.26.0@babel-register\lib\node.js:144:5)
    at Object.require.extensions.(anonymous function) [as .js] (E:\node.js\git\tabel\statistic_table\node_modules\_babel-register@6.26.0@babel-register\lib\node.js:154:7)
    at Module.load (module.js:556:32)
    at tryModuleLoad (module.js:499:12)
    at Function.Module._load (module.js:491:3)
    at Module.require (module.js:587:17)
    at require (internal/module.js:11:18)
    at Object.<anonymous> (E:/node.js/git/tabel/statistic_table/server/index.js:11:1)
    at Module._compile (module.js:643:30)
    at loader (E:\node.js\git\tabel\statistic_table\node_modules\_babel-register@6.26.0@babel-register\lib\node.js:144:5)
2018-03-24 23:15:13: Error: Cannot find module './controller/sign'
    at Function.Module._resolveFilename (module.js:538:15)
    at Function.Module._load (module.js:468:25)
    at Module.require (module.js:587:17)
    at require (internal/module.js:11:18)
    at Object.<anonymous> (E:/node.js/git/tabel/statistic_table/server/routers.js:2:1)
    at Module._compile (module.js:643:30)
    at loader (E:\node.js\git\tabel\statistic_table\node_modules\_babel-register@6.26.0@babel-register\lib\node.js:144:5)
    at Object.require.extensions.(anonymous function) [as .js] (E:\node.js\git\tabel\statistic_table\node_modules\_babel-register@6.26.0@babel-register\lib\node.js:154:7)
    at Module.load (module.js:556:32)
    at tryModuleLoad (module.js:499:12)
    at Function.Module._load (module.js:491:3)
    at Module.require (module.js:587:17)
    at require (internal/module.js:11:18)
    at Object.<anonymous> (E:/node.js/git/tabel/statistic_table/server/index.js:11:1)
    at Module._compile (module.js:643:30)
    at loader (E:\node.js\git\tabel\statistic_table\node_modules\_babel-register@6.26.0@babel-register\lib\node.js:144:5)
2018-03-24 23:15:14: Error: Cannot find module './controller/sign'
    at Function.Module._resolveFilename (module.js:538:15)
    at Function.Module._load (module.js:468:25)
    at Module.require (module.js:587:17)
    at require (internal/module.js:11:18)
    at Object.<anonymous> (E:/node.js/git/tabel/statistic_table/server/routers.js:2:1)
    at Module._compile (module.js:643:30)
    at loader (E:\node.js\git\tabel\statistic_table\node_modules\_babel-register@6.26.0@babel-register\lib\node.js:144:5)
    at Object.require.extensions.(anonymous function) [as .js] (E:\node.js\git\tabel\statistic_table\node_modules\_babel-register@6.26.0@babel-register\lib\node.js:154:7)
    at Module.load (module.js:556:32)
    at tryModuleLoad (module.js:499:12)
    at Function.Module._load (module.js:491:3)
    at Module.require (module.js:587:17)
    at require (internal/module.js:11:18)
    at Object.<anonymous> (E:/node.js/git/tabel/statistic_table/server/index.js:11:1)
    at Module._compile (module.js:643:30)
    at loader (E:\node.js\git\tabel\statistic_table\node_modules\_babel-register@6.26.0@babel-register\lib\node.js:144:5)
2018-03-24 23:15:16: Error: Cannot find module './controller/sign'
    at Function.Module._resolveFilename (module.js:538:15)
    at Function.Module._load (module.js:468:25)
    at Module.require (module.js:587:17)
    at require (internal/module.js:11:18)
    at Object.<anonymous> (E:/node.js/git/tabel/statistic_table/server/routers.js:2:1)
    at Module._compile (module.js:643:30)
    at loader (E:\node.js\git\tabel\statistic_table\node_modules\_babel-register@6.26.0@babel-register\lib\node.js:144:5)
    at Object.require.extensions.(anonymous function) [as .js] (E:\node.js\git\tabel\statistic_table\node_modules\_babel-register@6.26.0@babel-register\lib\node.js:154:7)
    at Module.load (module.js:556:32)
    at tryModuleLoad (module.js:499:12)
    at Function.Module._load (module.js:491:3)
    at Module.require (module.js:587:17)
    at require (internal/module.js:11:18)
    at Object.<anonymous> (E:/node.js/git/tabel/statistic_table/server/index.js:11:1)
    at Module._compile (module.js:643:30)
    at loader (E:\node.js\git\tabel\statistic_table\node_modules\_babel-register@6.26.0@babel-register\lib\node.js:144:5)
2018-03-24 23:15:17: Error: Cannot find module './controller/sign'
    at Function.Module._resolveFilename (module.js:538:15)
    at Function.Module._load (module.js:468:25)
    at Module.require (module.js:587:17)
    at require (internal/module.js:11:18)
    at Object.<anonymous> (E:/node.js/git/tabel/statistic_table/server/routers.js:2:1)
    at Module._compile (module.js:643:30)
    at loader (E:\node.js\git\tabel\statistic_table\node_modules\_babel-register@6.26.0@babel-register\lib\node.js:144:5)
    at Object.require.extensions.(anonymous function) [as .js] (E:\node.js\git\tabel\statistic_table\node_modules\_babel-register@6.26.0@babel-register\lib\node.js:154:7)
    at Module.load (module.js:556:32)
    at tryModuleLoad (module.js:499:12)
    at Function.Module._load (module.js:491:3)
    at Module.require (module.js:587:17)
    at require (internal/module.js:11:18)
    at Object.<anonymous> (E:/node.js/git/tabel/statistic_table/server/index.js:11:1)
    at Module._compile (module.js:643:30)
    at loader (E:\node.js\git\tabel\statistic_table\node_modules\_babel-register@6.26.0@babel-register\lib\node.js:144:5)
2018-03-24 23:30:00: You have triggered an unhandledRejection, you may have forgotten to catch a Promise rejection:
ReferenceError: logger is not defined
    at Object.restart (E:/node.js/git/tabel/statistic_table/server/controller/operation.js:44:5)
    at Object.operation (E:/node.js/git/tabel/statistic_table/server/controller/operation.js:29:19)
    at Job._nodeSchedule2.default.scheduleJob [as job] (E:/node.js/git/tabel/statistic_table/server/controller/operation.js:40:12)
    at Job.invoke (E:\node.js\git\tabel\node_modules\_node-schedule@1.3.0@node-schedule\lib\schedule.js:173:10)
    at E:\node.js\git\tabel\node_modules\_node-schedule@1.3.0@node-schedule\lib\schedule.js:543:11
    at Timeout._onTimeout (E:\node.js\git\tabel\node_modules\_node-schedule@1.3.0@node-schedule\lib\schedule.js:501:7)
    at ontimeout (timers.js:475:11)
    at tryOnTimeout (timers.js:310:5)
    at Timer.listOnTimeout (timers.js:270:5)
2018-03-24 23:30:35: Error: Cannot find module '../common/logger;'
    at Function.Module._resolveFilename (module.js:538:15)
    at Function.Module._load (module.js:468:25)
    at Module.require (module.js:587:17)
    at require (internal/module.js:11:18)
    at Object.<anonymous> (E:/node.js/git/tabel/statistic_table/server/controller/operation.js:9:1)
    at Module._compile (module.js:643:30)
    at loader (E:\node.js\git\tabel\statistic_table\node_modules\_babel-register@6.26.0@babel-register\lib\node.js:144:5)
    at Object.require.extensions.(anonymous function) [as .js] (E:\node.js\git\tabel\statistic_table\node_modules\_babel-register@6.26.0@babel-register\lib\node.js:154:7)
    at Module.load (module.js:556:32)
    at tryModuleLoad (module.js:499:12)
    at Function.Module._load (module.js:491:3)
    at Module.require (module.js:587:17)
    at require (internal/module.js:11:18)
    at Object.<anonymous> (E:/node.js/git/tabel/statistic_table/server/index.js:14:1)
    at Module._compile (module.js:643:30)
    at loader (E:\node.js\git\tabel\statistic_table\node_modules\_babel-register@6.26.0@babel-register\lib\node.js:144:5)
2018-03-24 23:30:38: Error: Cannot find module '../common/logger;'
    at Function.Module._resolveFilename (module.js:538:15)
    at Function.Module._load (module.js:468:25)
    at Module.require (module.js:587:17)
    at require (internal/module.js:11:18)
    at Object.<anonymous> (E:/node.js/git/tabel/statistic_table/server/controller/operation.js:9:1)
    at Module._compile (module.js:643:30)
    at loader (E:\node.js\git\tabel\statistic_table\node_modules\_babel-register@6.26.0@babel-register\lib\node.js:144:5)
    at Object.require.extensions.(anonymous function) [as .js] (E:\node.js\git\tabel\statistic_table\node_modules\_babel-register@6.26.0@babel-register\lib\node.js:154:7)
    at Module.load (module.js:556:32)
    at tryModuleLoad (module.js:499:12)
    at Function.Module._load (module.js:491:3)
    at Module.require (module.js:587:17)
    at require (internal/module.js:11:18)
    at Object.<anonymous> (E:/node.js/git/tabel/statistic_table/server/index.js:14:1)
    at Module._compile (module.js:643:30)
    at loader (E:\node.js\git\tabel\statistic_table\node_modules\_babel-register@6.26.0@babel-register\lib\node.js:144:5)
2018-03-24 23:30:40: Error: Cannot find module '../common/logger;'
    at Function.Module._resolveFilename (module.js:538:15)
    at Function.Module._load (module.js:468:25)
    at Module.require (module.js:587:17)
    at require (internal/module.js:11:18)
    at Object.<anonymous> (E:/node.js/git/tabel/statistic_table/server/controller/operation.js:9:1)
    at Module._compile (module.js:643:30)
    at loader (E:\node.js\git\tabel\statistic_table\node_modules\_babel-register@6.26.0@babel-register\lib\node.js:144:5)
    at Object.require.extensions.(anonymous function) [as .js] (E:\node.js\git\tabel\statistic_table\node_modules\_babel-register@6.26.0@babel-register\lib\node.js:154:7)
    at Module.load (module.js:556:32)
    at tryModuleLoad (module.js:499:12)
    at Function.Module._load (module.js:491:3)
    at Module.require (module.js:587:17)
    at require (internal/module.js:11:18)
    at Object.<anonymous> (E:/node.js/git/tabel/statistic_table/server/index.js:14:1)
    at Module._compile (module.js:643:30)
    at loader (E:\node.js\git\tabel\statistic_table\node_modules\_babel-register@6.26.0@babel-register\lib\node.js:144:5)
2018-03-24 23:30:42: Error: Cannot find module '../common/logger;'
    at Function.Module._resolveFilename (module.js:538:15)
    at Function.Module._load (module.js:468:25)
    at Module.require (module.js:587:17)
    at require (internal/module.js:11:18)
    at Object.<anonymous> (E:/node.js/git/tabel/statistic_table/server/controller/operation.js:9:1)
    at Module._compile (module.js:643:30)
    at loader (E:\node.js\git\tabel\statistic_table\node_modules\_babel-register@6.26.0@babel-register\lib\node.js:144:5)
    at Object.require.extensions.(anonymous function) [as .js] (E:\node.js\git\tabel\statistic_table\node_modules\_babel-register@6.26.0@babel-register\lib\node.js:154:7)
    at Module.load (module.js:556:32)
    at tryModuleLoad (module.js:499:12)
    at Function.Module._load (module.js:491:3)
    at Module.require (module.js:587:17)
    at require (internal/module.js:11:18)
    at Object.<anonymous> (E:/node.js/git/tabel/statistic_table/server/index.js:14:1)
    at Module._compile (module.js:643:30)
    at loader (E:\node.js\git\tabel\statistic_table\node_modules\_babel-register@6.26.0@babel-register\lib\node.js:144:5)
2018-03-24 23:30:45: Error: Cannot find module '../common/logger;'
    at Function.Module._resolveFilename (module.js:538:15)
    at Function.Module._load (module.js:468:25)
    at Module.require (module.js:587:17)
    at require (internal/module.js:11:18)
    at Object.<anonymous> (E:/node.js/git/tabel/statistic_table/server/controller/operation.js:9:1)
    at Module._compile (module.js:643:30)
    at loader (E:\node.js\git\tabel\statistic_table\node_modules\_babel-register@6.26.0@babel-register\lib\node.js:144:5)
    at Object.require.extensions.(anonymous function) [as .js] (E:\node.js\git\tabel\statistic_table\node_modules\_babel-register@6.26.0@babel-register\lib\node.js:154:7)
    at Module.load (module.js:556:32)
    at tryModuleLoad (module.js:499:12)
    at Function.Module._load (module.js:491:3)
    at Module.require (module.js:587:17)
    at require (internal/module.js:11:18)
    at Object.<anonymous> (E:/node.js/git/tabel/statistic_table/server/index.js:14:1)
    at Module._compile (module.js:643:30)
    at loader (E:\node.js\git\tabel\statistic_table\node_modules\_babel-register@6.26.0@babel-register\lib\node.js:144:5)
2018-03-24 23:30:47: Error: Cannot find module '../common/logger;'
    at Function.Module._resolveFilename (module.js:538:15)
    at Function.Module._load (module.js:468:25)
    at Module.require (module.js:587:17)
    at require (internal/module.js:11:18)
    at Object.<anonymous> (E:/node.js/git/tabel/statistic_table/server/controller/operation.js:9:1)
    at Module._compile (module.js:643:30)
    at loader (E:\node.js\git\tabel\statistic_table\node_modules\_babel-register@6.26.0@babel-register\lib\node.js:144:5)
    at Object.require.extensions.(anonymous function) [as .js] (E:\node.js\git\tabel\statistic_table\node_modules\_babel-register@6.26.0@babel-register\lib\node.js:154:7)
    at Module.load (module.js:556:32)
    at tryModuleLoad (module.js:499:12)
    at Function.Module._load (module.js:491:3)
    at Module.require (module.js:587:17)
    at require (internal/module.js:11:18)
    at Object.<anonymous> (E:/node.js/git/tabel/statistic_table/server/index.js:14:1)
    at Module._compile (module.js:643:30)
    at loader (E:\node.js\git\tabel\statistic_table\node_modules\_babel-register@6.26.0@babel-register\lib\node.js:144:5)
2018-03-24 23:30:49: Error: Cannot find module '../common/logger;'
    at Function.Module._resolveFilename (module.js:538:15)
    at Function.Module._load (module.js:468:25)
    at Module.require (module.js:587:17)
    at require (internal/module.js:11:18)
    at Object.<anonymous> (E:/node.js/git/tabel/statistic_table/server/controller/operation.js:9:1)
    at Module._compile (module.js:643:30)
    at loader (E:\node.js\git\tabel\statistic_table\node_modules\_babel-register@6.26.0@babel-register\lib\node.js:144:5)
    at Object.require.extensions.(anonymous function) [as .js] (E:\node.js\git\tabel\statistic_table\node_modules\_babel-register@6.26.0@babel-register\lib\node.js:154:7)
    at Module.load (module.js:556:32)
    at tryModuleLoad (module.js:499:12)
    at Function.Module._load (module.js:491:3)
    at Module.require (module.js:587:17)
    at require (internal/module.js:11:18)
    at Object.<anonymous> (E:/node.js/git/tabel/statistic_table/server/index.js:14:1)
    at Module._compile (module.js:643:30)
    at loader (E:\node.js\git\tabel\statistic_table\node_modules\_babel-register@6.26.0@babel-register\lib\node.js:144:5)
2018-03-24 23:30:52: Error: Cannot find module '../common/logger;'
    at Function.Module._resolveFilename (module.js:538:15)
    at Function.Module._load (module.js:468:25)
    at Module.require (module.js:587:17)
    at require (internal/module.js:11:18)
    at Object.<anonymous> (E:/node.js/git/tabel/statistic_table/server/controller/operation.js:9:1)
    at Module._compile (module.js:643:30)
    at loader (E:\node.js\git\tabel\statistic_table\node_modules\_babel-register@6.26.0@babel-register\lib\node.js:144:5)
    at Object.require.extensions.(anonymous function) [as .js] (E:\node.js\git\tabel\statistic_table\node_modules\_babel-register@6.26.0@babel-register\lib\node.js:154:7)
    at Module.load (module.js:556:32)
    at tryModuleLoad (module.js:499:12)
    at Function.Module._load (module.js:491:3)
    at Module.require (module.js:587:17)
    at require (internal/module.js:11:18)
    at Object.<anonymous> (E:/node.js/git/tabel/statistic_table/server/index.js:14:1)
    at Module._compile (module.js:643:30)
    at loader (E:\node.js\git\tabel\statistic_table\node_modules\_babel-register@6.26.0@babel-register\lib\node.js:144:5)
2018-03-24 23:30:54: Error: Cannot find module '../common/logger;'
    at Function.Module._resolveFilename (module.js:538:15)
    at Function.Module._load (module.js:468:25)
    at Module.require (module.js:587:17)
    at require (internal/module.js:11:18)
    at Object.<anonymous> (E:/node.js/git/tabel/statistic_table/server/controller/operation.js:9:1)
    at Module._compile (module.js:643:30)
    at loader (E:\node.js\git\tabel\statistic_table\node_modules\_babel-register@6.26.0@babel-register\lib\node.js:144:5)
    at Object.require.extensions.(anonymous function) [as .js] (E:\node.js\git\tabel\statistic_table\node_modules\_babel-register@6.26.0@babel-register\lib\node.js:154:7)
    at Module.load (module.js:556:32)
    at tryModuleLoad (module.js:499:12)
    at Function.Module._load (module.js:491:3)
    at Module.require (module.js:587:17)
    at require (internal/module.js:11:18)
    at Object.<anonymous> (E:/node.js/git/tabel/statistic_table/server/index.js:14:1)
    at Module._compile (module.js:643:30)
    at loader (E:\node.js\git\tabel\statistic_table\node_modules\_babel-register@6.26.0@babel-register\lib\node.js:144:5)
2018-03-24 23:30:56: Error: Cannot find module '../common/logger;'
    at Function.Module._resolveFilename (module.js:538:15)
    at Function.Module._load (module.js:468:25)
    at Module.require (module.js:587:17)
    at require (internal/module.js:11:18)
    at Object.<anonymous> (E:/node.js/git/tabel/statistic_table/server/controller/operation.js:9:1)
    at Module._compile (module.js:643:30)
    at loader (E:\node.js\git\tabel\statistic_table\node_modules\_babel-register@6.26.0@babel-register\lib\node.js:144:5)
    at Object.require.extensions.(anonymous function) [as .js] (E:\node.js\git\tabel\statistic_table\node_modules\_babel-register@6.26.0@babel-register\lib\node.js:154:7)
    at Module.load (module.js:556:32)
    at tryModuleLoad (module.js:499:12)
    at Function.Module._load (module.js:491:3)
    at Module.require (module.js:587:17)
    at require (internal/module.js:11:18)
    at Object.<anonymous> (E:/node.js/git/tabel/statistic_table/server/index.js:14:1)
    at Module._compile (module.js:643:30)
    at loader (E:\node.js\git\tabel\statistic_table\node_modules\_babel-register@6.26.0@babel-register\lib\node.js:144:5)
2018-03-24 23:30:59: Error: Cannot find module '../common/logger;'
    at Function.Module._resolveFilename (module.js:538:15)
    at Function.Module._load (module.js:468:25)
    at Module.require (module.js:587:17)
    at require (internal/module.js:11:18)
    at Object.<anonymous> (E:/node.js/git/tabel/statistic_table/server/controller/operation.js:9:1)
    at Module._compile (module.js:643:30)
    at loader (E:\node.js\git\tabel\statistic_table\node_modules\_babel-register@6.26.0@babel-register\lib\node.js:144:5)
    at Object.require.extensions.(anonymous function) [as .js] (E:\node.js\git\tabel\statistic_table\node_modules\_babel-register@6.26.0@babel-register\lib\node.js:154:7)
    at Module.load (module.js:556:32)
    at tryModuleLoad (module.js:499:12)
    at Function.Module._load (module.js:491:3)
    at Module.require (module.js:587:17)
    at require (internal/module.js:11:18)
    at Object.<anonymous> (E:/node.js/git/tabel/statistic_table/server/index.js:14:1)
    at Module._compile (module.js:643:30)
    at loader (E:\node.js\git\tabel\statistic_table\node_modules\_babel-register@6.26.0@babel-register\lib\node.js:144:5)
2018-03-24 23:31:01: Error: Cannot find module '../common/logger;'
    at Function.Module._resolveFilename (module.js:538:15)
    at Function.Module._load (module.js:468:25)
    at Module.require (module.js:587:17)
    at require (internal/module.js:11:18)
    at Object.<anonymous> (E:/node.js/git/tabel/statistic_table/server/controller/operation.js:9:1)
    at Module._compile (module.js:643:30)
    at loader (E:\node.js\git\tabel\statistic_table\node_modules\_babel-register@6.26.0@babel-register\lib\node.js:144:5)
    at Object.require.extensions.(anonymous function) [as .js] (E:\node.js\git\tabel\statistic_table\node_modules\_babel-register@6.26.0@babel-register\lib\node.js:154:7)
    at Module.load (module.js:556:32)
    at tryModuleLoad (module.js:499:12)
    at Function.Module._load (module.js:491:3)
    at Module.require (module.js:587:17)
    at require (internal/module.js:11:18)
    at Object.<anonymous> (E:/node.js/git/tabel/statistic_table/server/index.js:14:1)
    at Module._compile (module.js:643:30)
    at loader (E:\node.js\git\tabel\statistic_table\node_modules\_babel-register@6.26.0@babel-register\lib\node.js:144:5)
2018-03-24 23:31:03: Error: Cannot find module '../common/logger;'
    at Function.Module._resolveFilename (module.js:538:15)
    at Function.Module._load (module.js:468:25)
    at Module.require (module.js:587:17)
    at require (internal/module.js:11:18)
    at Object.<anonymous> (E:/node.js/git/tabel/statistic_table/server/controller/operation.js:9:1)
    at Module._compile (module.js:643:30)
    at loader (E:\node.js\git\tabel\statistic_table\node_modules\_babel-register@6.26.0@babel-register\lib\node.js:144:5)
    at Object.require.extensions.(anonymous function) [as .js] (E:\node.js\git\tabel\statistic_table\node_modules\_babel-register@6.26.0@babel-register\lib\node.js:154:7)
    at Module.load (module.js:556:32)
    at tryModuleLoad (module.js:499:12)
    at Function.Module._load (module.js:491:3)
    at Module.require (module.js:587:17)
    at require (internal/module.js:11:18)
    at Object.<anonymous> (E:/node.js/git/tabel/statistic_table/server/index.js:14:1)
    at Module._compile (module.js:643:30)
    at loader (E:\node.js\git\tabel\statistic_table\node_modules\_babel-register@6.26.0@babel-register\lib\node.js:144:5)
2018-03-24 23:31:06: Error: Cannot find module '../common/logger;'
    at Function.Module._resolveFilename (module.js:538:15)
    at Function.Module._load (module.js:468:25)
    at Module.require (module.js:587:17)
    at require (internal/module.js:11:18)
    at Object.<anonymous> (E:/node.js/git/tabel/statistic_table/server/controller/operation.js:9:1)
    at Module._compile (module.js:643:30)
    at loader (E:\node.js\git\tabel\statistic_table\node_modules\_babel-register@6.26.0@babel-register\lib\node.js:144:5)
    at Object.require.extensions.(anonymous function) [as .js] (E:\node.js\git\tabel\statistic_table\node_modules\_babel-register@6.26.0@babel-register\lib\node.js:154:7)
    at Module.load (module.js:556:32)
    at tryModuleLoad (module.js:499:12)
    at Function.Module._load (module.js:491:3)
    at Module.require (module.js:587:17)
    at require (internal/module.js:11:18)
    at Object.<anonymous> (E:/node.js/git/tabel/statistic_table/server/index.js:14:1)
    at Module._compile (module.js:643:30)
    at loader (E:\node.js\git\tabel\statistic_table\node_modules\_babel-register@6.26.0@babel-register\lib\node.js:144:5)
2018-03-24 23:31:08: Error: Cannot find module '../common/logger;'
    at Function.Module._resolveFilename (module.js:538:15)
    at Function.Module._load (module.js:468:25)
    at Module.require (module.js:587:17)
    at require (internal/module.js:11:18)
    at Object.<anonymous> (E:/node.js/git/tabel/statistic_table/server/controller/operation.js:9:1)
    at Module._compile (module.js:643:30)
    at loader (E:\node.js\git\tabel\statistic_table\node_modules\_babel-register@6.26.0@babel-register\lib\node.js:144:5)
    at Object.require.extensions.(anonymous function) [as .js] (E:\node.js\git\tabel\statistic_table\node_modules\_babel-register@6.26.0@babel-register\lib\node.js:154:7)
    at Module.load (module.js:556:32)
    at tryModuleLoad (module.js:499:12)
    at Function.Module._load (module.js:491:3)
    at Module.require (module.js:587:17)
    at require (internal/module.js:11:18)
    at Object.<anonymous> (E:/node.js/git/tabel/statistic_table/server/index.js:14:1)
    at Module._compile (module.js:643:30)
    at loader (E:\node.js\git\tabel\statistic_table\node_modules\_babel-register@6.26.0@babel-register\lib\node.js:144:5)
2018-03-24 23:31:10: Error: Cannot find module '../common/logger;'
    at Function.Module._resolveFilename (module.js:538:15)
    at Function.Module._load (module.js:468:25)
    at Module.require (module.js:587:17)
    at require (internal/module.js:11:18)
    at Object.<anonymous> (E:/node.js/git/tabel/statistic_table/server/controller/operation.js:9:1)
    at Module._compile (module.js:643:30)
    at loader (E:\node.js\git\tabel\statistic_table\node_modules\_babel-register@6.26.0@babel-register\lib\node.js:144:5)
    at Object.require.extensions.(anonymous function) [as .js] (E:\node.js\git\tabel\statistic_table\node_modules\_babel-register@6.26.0@babel-register\lib\node.js:154:7)
    at Module.load (module.js:556:32)
    at tryModuleLoad (module.js:499:12)
    at Function.Module._load (module.js:491:3)
    at Module.require (module.js:587:17)
    at require (internal/module.js:11:18)
    at Object.<anonymous> (E:/node.js/git/tabel/statistic_table/server/index.js:14:1)
    at Module._compile (module.js:643:30)
    at loader (E:\node.js\git\tabel\statistic_table\node_modules\_babel-register@6.26.0@babel-register\lib\node.js:144:5)
2018-03-24 23:31:13: Error: Cannot find module '../common/logger;'
    at Function.Module._resolveFilename (module.js:538:15)
    at Function.Module._load (module.js:468:25)
    at Module.require (module.js:587:17)
    at require (internal/module.js:11:18)
    at Object.<anonymous> (E:/node.js/git/tabel/statistic_table/server/controller/operation.js:9:1)
    at Module._compile (module.js:643:30)
    at loader (E:\node.js\git\tabel\statistic_table\node_modules\_babel-register@6.26.0@babel-register\lib\node.js:144:5)
    at Object.require.extensions.(anonymous function) [as .js] (E:\node.js\git\tabel\statistic_table\node_modules\_babel-register@6.26.0@babel-register\lib\node.js:154:7)
    at Module.load (module.js:556:32)
    at tryModuleLoad (module.js:499:12)
    at Function.Module._load (module.js:491:3)
    at Module.require (module.js:587:17)
    at require (internal/module.js:11:18)
    at Object.<anonymous> (E:/node.js/git/tabel/statistic_table/server/index.js:14:1)
    at Module._compile (module.js:643:30)
    at loader (E:\node.js\git\tabel\statistic_table\node_modules\_babel-register@6.26.0@babel-register\lib\node.js:144:5)
2018-03-24 23:31:16: Error: Cannot find module '../common/logger;'
    at Function.Module._resolveFilename (module.js:538:15)
    at Function.Module._load (module.js:468:25)
    at Module.require (module.js:587:17)
    at require (internal/module.js:11:18)
    at Object.<anonymous> (E:/node.js/git/tabel/statistic_table/server/controller/operation.js:9:1)
    at Module._compile (module.js:643:30)
    at loader (E:\node.js\git\tabel\statistic_table\node_modules\_babel-register@6.26.0@babel-register\lib\node.js:144:5)
    at Object.require.extensions.(anonymous function) [as .js] (E:\node.js\git\tabel\statistic_table\node_modules\_babel-register@6.26.0@babel-register\lib\node.js:154:7)
    at Module.load (module.js:556:32)
    at tryModuleLoad (module.js:499:12)
    at Function.Module._load (module.js:491:3)
    at Module.require (module.js:587:17)
    at require (internal/module.js:11:18)
    at Object.<anonymous> (E:/node.js/git/tabel/statistic_table/server/index.js:14:1)
    at Module._compile (module.js:643:30)
    at loader (E:\node.js\git\tabel\statistic_table\node_modules\_babel-register@6.26.0@babel-register\lib\node.js:144:5)
2018-03-24 23:31:18: Error: Cannot find module '../common/logger;'
    at Function.Module._resolveFilename (module.js:538:15)
    at Function.Module._load (module.js:468:25)
    at Module.require (module.js:587:17)
    at require (internal/module.js:11:18)
    at Object.<anonymous> (E:/node.js/git/tabel/statistic_table/server/controller/operation.js:9:1)
    at Module._compile (module.js:643:30)
    at loader (E:\node.js\git\tabel\statistic_table\node_modules\_babel-register@6.26.0@babel-register\lib\node.js:144:5)
    at Object.require.extensions.(anonymous function) [as .js] (E:\node.js\git\tabel\statistic_table\node_modules\_babel-register@6.26.0@babel-register\lib\node.js:154:7)
    at Module.load (module.js:556:32)
    at tryModuleLoad (module.js:499:12)
    at Function.Module._load (module.js:491:3)
    at Module.require (module.js:587:17)
    at require (internal/module.js:11:18)
    at Object.<anonymous> (E:/node.js/git/tabel/statistic_table/server/index.js:14:1)
    at Module._compile (module.js:643:30)
    at loader (E:\node.js\git\tabel\statistic_table\node_modules\_babel-register@6.26.0@babel-register\lib\node.js:144:5)
2018-03-24 23:31:20: Error: Cannot find module '../common/logger;'
    at Function.Module._resolveFilename (module.js:538:15)
    at Function.Module._load (module.js:468:25)
    at Module.require (module.js:587:17)
    at require (internal/module.js:11:18)
    at Object.<anonymous> (E:/node.js/git/tabel/statistic_table/server/controller/operation.js:9:1)
    at Module._compile (module.js:643:30)
    at loader (E:\node.js\git\tabel\statistic_table\node_modules\_babel-register@6.26.0@babel-register\lib\node.js:144:5)
    at Object.require.extensions.(anonymous function) [as .js] (E:\node.js\git\tabel\statistic_table\node_modules\_babel-register@6.26.0@babel-register\lib\node.js:154:7)
    at Module.load (module.js:556:32)
    at tryModuleLoad (module.js:499:12)
    at Function.Module._load (module.js:491:3)
    at Module.require (module.js:587:17)
    at require (internal/module.js:11:18)
    at Object.<anonymous> (E:/node.js/git/tabel/statistic_table/server/index.js:14:1)
    at Module._compile (module.js:643:30)
    at loader (E:\node.js\git\tabel\statistic_table\node_modules\_babel-register@6.26.0@babel-register\lib\node.js:144:5)
2018-03-24 23:31:23: Error: Cannot find module '../common/logger;'
    at Function.Module._resolveFilename (module.js:538:15)
    at Function.Module._load (module.js:468:25)
    at Module.require (module.js:587:17)
    at require (internal/module.js:11:18)
    at Object.<anonymous> (E:/node.js/git/tabel/statistic_table/server/controller/operation.js:9:1)
    at Module._compile (module.js:643:30)
    at loader (E:\node.js\git\tabel\statistic_table\node_modules\_babel-register@6.26.0@babel-register\lib\node.js:144:5)
    at Object.require.extensions.(anonymous function) [as .js] (E:\node.js\git\tabel\statistic_table\node_modules\_babel-register@6.26.0@babel-register\lib\node.js:154:7)
    at Module.load (module.js:556:32)
    at tryModuleLoad (module.js:499:12)
    at Function.Module._load (module.js:491:3)
    at Module.require (module.js:587:17)
    at require (internal/module.js:11:18)
    at Object.<anonymous> (E:/node.js/git/tabel/statistic_table/server/index.js:14:1)
    at Module._compile (module.js:643:30)
    at loader (E:\node.js\git\tabel\statistic_table\node_modules\_babel-register@6.26.0@babel-register\lib\node.js:144:5)
2018-03-24 23:31:25: Error: Cannot find module '../common/logger;'
    at Function.Module._resolveFilename (module.js:538:15)
    at Function.Module._load (module.js:468:25)
    at Module.require (module.js:587:17)
    at require (internal/module.js:11:18)
    at Object.<anonymous> (E:/node.js/git/tabel/statistic_table/server/controller/operation.js:9:1)
    at Module._compile (module.js:643:30)
    at loader (E:\node.js\git\tabel\statistic_table\node_modules\_babel-register@6.26.0@babel-register\lib\node.js:144:5)
    at Object.require.extensions.(anonymous function) [as .js] (E:\node.js\git\tabel\statistic_table\node_modules\_babel-register@6.26.0@babel-register\lib\node.js:154:7)
    at Module.load (module.js:556:32)
    at tryModuleLoad (module.js:499:12)
    at Function.Module._load (module.js:491:3)
    at Module.require (module.js:587:17)
    at require (internal/module.js:11:18)
    at Object.<anonymous> (E:/node.js/git/tabel/statistic_table/server/index.js:14:1)
    at Module._compile (module.js:643:30)
    at loader (E:\node.js\git\tabel\statistic_table\node_modules\_babel-register@6.26.0@babel-register\lib\node.js:144:5)
2018-03-24 23:31:28: Error: Cannot find module '../common/logger;'
    at Function.Module._resolveFilename (module.js:538:15)
    at Function.Module._load (module.js:468:25)
    at Module.require (module.js:587:17)
    at require (internal/module.js:11:18)
    at Object.<anonymous> (E:/node.js/git/tabel/statistic_table/server/controller/operation.js:9:1)
    at Module._compile (module.js:643:30)
    at loader (E:\node.js\git\tabel\statistic_table\node_modules\_babel-register@6.26.0@babel-register\lib\node.js:144:5)
    at Object.require.extensions.(anonymous function) [as .js] (E:\node.js\git\tabel\statistic_table\node_modules\_babel-register@6.26.0@babel-register\lib\node.js:154:7)
    at Module.load (module.js:556:32)
    at tryModuleLoad (module.js:499:12)
    at Function.Module._load (module.js:491:3)
    at Module.require (module.js:587:17)
    at require (internal/module.js:11:18)
    at Object.<anonymous> (E:/node.js/git/tabel/statistic_table/server/index.js:14:1)
    at Module._compile (module.js:643:30)
    at loader (E:\node.js\git\tabel\statistic_table\node_modules\_babel-register@6.26.0@babel-register\lib\node.js:144:5)
2018-03-24 23:31:30: Error: Cannot find module '../common/logger;'
    at Function.Module._resolveFilename (module.js:538:15)
    at Function.Module._load (module.js:468:25)
    at Module.require (module.js:587:17)
    at require (internal/module.js:11:18)
    at Object.<anonymous> (E:/node.js/git/tabel/statistic_table/server/controller/operation.js:9:1)
    at Module._compile (module.js:643:30)
    at loader (E:\node.js\git\tabel\statistic_table\node_modules\_babel-register@6.26.0@babel-register\lib\node.js:144:5)
    at Object.require.extensions.(anonymous function) [as .js] (E:\node.js\git\tabel\statistic_table\node_modules\_babel-register@6.26.0@babel-register\lib\node.js:154:7)
    at Module.load (module.js:556:32)
    at tryModuleLoad (module.js:499:12)
    at Function.Module._load (module.js:491:3)
    at Module.require (module.js:587:17)
    at require (internal/module.js:11:18)
    at Object.<anonymous> (E:/node.js/git/tabel/statistic_table/server/index.js:14:1)
    at Module._compile (module.js:643:30)
    at loader (E:\node.js\git\tabel\statistic_table\node_modules\_babel-register@6.26.0@babel-register\lib\node.js:144:5)
2018-03-24 23:31:34: Error: Cannot find module '../common/logger;'
    at Function.Module._resolveFilename (module.js:538:15)
    at Function.Module._load (module.js:468:25)
    at Module.require (module.js:587:17)
    at require (internal/module.js:11:18)
    at Object.<anonymous> (E:/node.js/git/tabel/statistic_table/server/controller/operation.js:9:1)
    at Module._compile (module.js:643:30)
    at loader (E:\node.js\git\tabel\statistic_table\node_modules\_babel-register@6.26.0@babel-register\lib\node.js:144:5)
    at Object.require.extensions.(anonymous function) [as .js] (E:\node.js\git\tabel\statistic_table\node_modules\_babel-register@6.26.0@babel-register\lib\node.js:154:7)
    at Module.load (module.js:556:32)
    at tryModuleLoad (module.js:499:12)
    at Function.Module._load (module.js:491:3)
    at Module.require (module.js:587:17)
    at require (internal/module.js:11:18)
    at Object.<anonymous> (E:/node.js/git/tabel/statistic_table/server/index.js:14:1)
    at Module._compile (module.js:643:30)
    at loader (E:\node.js\git\tabel\statistic_table\node_modules\_babel-register@6.26.0@babel-register\lib\node.js:144:5)
2018-03-24 23:31:36: Error: Cannot find module '../common/logger;'
    at Function.Module._resolveFilename (module.js:538:15)
    at Function.Module._load (module.js:468:25)
    at Module.require (module.js:587:17)
    at require (internal/module.js:11:18)
    at Object.<anonymous> (E:/node.js/git/tabel/statistic_table/server/controller/operation.js:9:1)
    at Module._compile (module.js:643:30)
    at loader (E:\node.js\git\tabel\statistic_table\node_modules\_babel-register@6.26.0@babel-register\lib\node.js:144:5)
    at Object.require.extensions.(anonymous function) [as .js] (E:\node.js\git\tabel\statistic_table\node_modules\_babel-register@6.26.0@babel-register\lib\node.js:154:7)
    at Module.load (module.js:556:32)
    at tryModuleLoad (module.js:499:12)
    at Function.Module._load (module.js:491:3)
    at Module.require (module.js:587:17)
    at require (internal/module.js:11:18)
    at Object.<anonymous> (E:/node.js/git/tabel/statistic_table/server/index.js:14:1)
    at Module._compile (module.js:643:30)
    at loader (E:\node.js\git\tabel\statistic_table\node_modules\_babel-register@6.26.0@babel-register\lib\node.js:144:5)
2018-03-24 23:31:39: Error: Cannot find module '../common/logger;'
    at Function.Module._resolveFilename (module.js:538:15)
    at Function.Module._load (module.js:468:25)
    at Module.require (module.js:587:17)
    at require (internal/module.js:11:18)
    at Object.<anonymous> (E:/node.js/git/tabel/statistic_table/server/controller/operation.js:9:1)
    at Module._compile (module.js:643:30)
    at loader (E:\node.js\git\tabel\statistic_table\node_modules\_babel-register@6.26.0@babel-register\lib\node.js:144:5)
    at Object.require.extensions.(anonymous function) [as .js] (E:\node.js\git\tabel\statistic_table\node_modules\_babel-register@6.26.0@babel-register\lib\node.js:154:7)
    at Module.load (module.js:556:32)
    at tryModuleLoad (module.js:499:12)
    at Function.Module._load (module.js:491:3)
    at Module.require (module.js:587:17)
    at require (internal/module.js:11:18)
    at Object.<anonymous> (E:/node.js/git/tabel/statistic_table/server/index.js:14:1)
    at Module._compile (module.js:643:30)
    at loader (E:\node.js\git\tabel\statistic_table\node_modules\_babel-register@6.26.0@babel-register\lib\node.js:144:5)
2018-03-24 23:31:41: Error: Cannot find module '../common/logger;'
    at Function.Module._resolveFilename (module.js:538:15)
    at Function.Module._load (module.js:468:25)
    at Module.require (module.js:587:17)
    at require (internal/module.js:11:18)
    at Object.<anonymous> (E:/node.js/git/tabel/statistic_table/server/controller/operation.js:9:1)
    at Module._compile (module.js:643:30)
    at loader (E:\node.js\git\tabel\statistic_table\node_modules\_babel-register@6.26.0@babel-register\lib\node.js:144:5)
    at Object.require.extensions.(anonymous function) [as .js] (E:\node.js\git\tabel\statistic_table\node_modules\_babel-register@6.26.0@babel-register\lib\node.js:154:7)
    at Module.load (module.js:556:32)
    at tryModuleLoad (module.js:499:12)
    at Function.Module._load (module.js:491:3)
    at Module.require (module.js:587:17)
    at require (internal/module.js:11:18)
    at Object.<anonymous> (E:/node.js/git/tabel/statistic_table/server/index.js:14:1)
    at Module._compile (module.js:643:30)
    at loader (E:\node.js\git\tabel\statistic_table\node_modules\_babel-register@6.26.0@babel-register\lib\node.js:144:5)
2018-03-24 23:31:43: Error: Cannot find module '../common/logger;'
    at Function.Module._resolveFilename (module.js:538:15)
    at Function.Module._load (module.js:468:25)
    at Module.require (module.js:587:17)
    at require (internal/module.js:11:18)
    at Object.<anonymous> (E:/node.js/git/tabel/statistic_table/server/controller/operation.js:9:1)
    at Module._compile (module.js:643:30)
    at loader (E:\node.js\git\tabel\statistic_table\node_modules\_babel-register@6.26.0@babel-register\lib\node.js:144:5)
    at Object.require.extensions.(anonymous function) [as .js] (E:\node.js\git\tabel\statistic_table\node_modules\_babel-register@6.26.0@babel-register\lib\node.js:154:7)
    at Module.load (module.js:556:32)
    at tryModuleLoad (module.js:499:12)
    at Function.Module._load (module.js:491:3)
    at Module.require (module.js:587:17)
    at require (internal/module.js:11:18)
    at Object.<anonymous> (E:/node.js/git/tabel/statistic_table/server/index.js:14:1)
    at Module._compile (module.js:643:30)
    at loader (E:\node.js\git\tabel\statistic_table\node_modules\_babel-register@6.26.0@babel-register\lib\node.js:144:5)
2018-03-24 23:31:46: Error: Cannot find module '../common/logger;'
    at Function.Module._resolveFilename (module.js:538:15)
    at Function.Module._load (module.js:468:25)
    at Module.require (module.js:587:17)
    at require (internal/module.js:11:18)
    at Object.<anonymous> (E:/node.js/git/tabel/statistic_table/server/controller/operation.js:9:1)
    at Module._compile (module.js:643:30)
    at loader (E:\node.js\git\tabel\statistic_table\node_modules\_babel-register@6.26.0@babel-register\lib\node.js:144:5)
    at Object.require.extensions.(anonymous function) [as .js] (E:\node.js\git\tabel\statistic_table\node_modules\_babel-register@6.26.0@babel-register\lib\node.js:154:7)
    at Module.load (module.js:556:32)
    at tryModuleLoad (module.js:499:12)
    at Function.Module._load (module.js:491:3)
    at Module.require (module.js:587:17)
    at require (internal/module.js:11:18)
    at Object.<anonymous> (E:/node.js/git/tabel/statistic_table/server/index.js:14:1)
    at Module._compile (module.js:643:30)
    at loader (E:\node.js\git\tabel\statistic_table\node_modules\_babel-register@6.26.0@babel-register\lib\node.js:144:5)
2018-03-24 23:31:49: Error: Cannot find module '../common/logger;'
    at Function.Module._resolveFilename (module.js:538:15)
    at Function.Module._load (module.js:468:25)
    at Module.require (module.js:587:17)
    at require (internal/module.js:11:18)
    at Object.<anonymous> (E:/node.js/git/tabel/statistic_table/server/controller/operation.js:9:1)
    at Module._compile (module.js:643:30)
    at loader (E:\node.js\git\tabel\statistic_table\node_modules\_babel-register@6.26.0@babel-register\lib\node.js:144:5)
    at Object.require.extensions.(anonymous function) [as .js] (E:\node.js\git\tabel\statistic_table\node_modules\_babel-register@6.26.0@babel-register\lib\node.js:154:7)
    at Module.load (module.js:556:32)
    at tryModuleLoad (module.js:499:12)
    at Function.Module._load (module.js:491:3)
    at Module.require (module.js:587:17)
    at require (internal/module.js:11:18)
    at Object.<anonymous> (E:/node.js/git/tabel/statistic_table/server/index.js:14:1)
    at Module._compile (module.js:643:30)
    at loader (E:\node.js\git\tabel\statistic_table\node_modules\_babel-register@6.26.0@babel-register\lib\node.js:144:5)
2018-03-24 23:31:51: Error: Cannot find module '../common/logger;'
    at Function.Module._resolveFilename (module.js:538:15)
    at Function.Module._load (module.js:468:25)
    at Module.require (module.js:587:17)
    at require (internal/module.js:11:18)
    at Object.<anonymous> (E:/node.js/git/tabel/statistic_table/server/controller/operation.js:9:1)
    at Module._compile (module.js:643:30)
    at loader (E:\node.js\git\tabel\statistic_table\node_modules\_babel-register@6.26.0@babel-register\lib\node.js:144:5)
    at Object.require.extensions.(anonymous function) [as .js] (E:\node.js\git\tabel\statistic_table\node_modules\_babel-register@6.26.0@babel-register\lib\node.js:154:7)
    at Module.load (module.js:556:32)
    at tryModuleLoad (module.js:499:12)
    at Function.Module._load (module.js:491:3)
    at Module.require (module.js:587:17)
    at require (internal/module.js:11:18)
    at Object.<anonymous> (E:/node.js/git/tabel/statistic_table/server/index.js:14:1)
    at Module._compile (module.js:643:30)
    at loader (E:\node.js\git\tabel\statistic_table\node_modules\_babel-register@6.26.0@babel-register\lib\node.js:144:5)
2018-03-24 23:31:53: Error: Cannot find module '../common/logger;'
    at Function.Module._resolveFilename (module.js:538:15)
    at Function.Module._load (module.js:468:25)
    at Module.require (module.js:587:17)
    at require (internal/module.js:11:18)
    at Object.<anonymous> (E:/node.js/git/tabel/statistic_table/server/controller/operation.js:9:1)
    at Module._compile (module.js:643:30)
    at loader (E:\node.js\git\tabel\statistic_table\node_modules\_babel-register@6.26.0@babel-register\lib\node.js:144:5)
    at Object.require.extensions.(anonymous function) [as .js] (E:\node.js\git\tabel\statistic_table\node_modules\_babel-register@6.26.0@babel-register\lib\node.js:154:7)
    at Module.load (module.js:556:32)
    at tryModuleLoad (module.js:499:12)
    at Function.Module._load (module.js:491:3)
    at Module.require (module.js:587:17)
    at require (internal/module.js:11:18)
    at Object.<anonymous> (E:/node.js/git/tabel/statistic_table/server/index.js:14:1)
    at Module._compile (module.js:643:30)
    at loader (E:\node.js\git\tabel\statistic_table\node_modules\_babel-register@6.26.0@babel-register\lib\node.js:144:5)
2018-03-24 23:31:56: Error: Cannot find module '../common/logger;'
    at Function.Module._resolveFilename (module.js:538:15)
    at Function.Module._load (module.js:468:25)
    at Module.require (module.js:587:17)
    at require (internal/module.js:11:18)
    at Object.<anonymous> (E:/node.js/git/tabel/statistic_table/server/controller/operation.js:9:1)
    at Module._compile (module.js:643:30)
    at loader (E:\node.js\git\tabel\statistic_table\node_modules\_babel-register@6.26.0@babel-register\lib\node.js:144:5)
    at Object.require.extensions.(anonymous function) [as .js] (E:\node.js\git\tabel\statistic_table\node_modules\_babel-register@6.26.0@babel-register\lib\node.js:154:7)
    at Module.load (module.js:556:32)
    at tryModuleLoad (module.js:499:12)
    at Function.Module._load (module.js:491:3)
    at Module.require (module.js:587:17)
    at require (internal/module.js:11:18)
    at Object.<anonymous> (E:/node.js/git/tabel/statistic_table/server/index.js:14:1)
    at Module._compile (module.js:643:30)
    at loader (E:\node.js\git\tabel\statistic_table\node_modules\_babel-register@6.26.0@babel-register\lib\node.js:144:5)
2018-03-24 23:31:59: Error: Cannot find module '../common/logger;'
    at Function.Module._resolveFilename (module.js:538:15)
    at Function.Module._load (module.js:468:25)
    at Module.require (module.js:587:17)
    at require (internal/module.js:11:18)
    at Object.<anonymous> (E:/node.js/git/tabel/statistic_table/server/controller/operation.js:9:1)
    at Module._compile (module.js:643:30)
    at loader (E:\node.js\git\tabel\statistic_table\node_modules\_babel-register@6.26.0@babel-register\lib\node.js:144:5)
    at Object.require.extensions.(anonymous function) [as .js] (E:\node.js\git\tabel\statistic_table\node_modules\_babel-register@6.26.0@babel-register\lib\node.js:154:7)
    at Module.load (module.js:556:32)
    at tryModuleLoad (module.js:499:12)
    at Function.Module._load (module.js:491:3)
    at Module.require (module.js:587:17)
    at require (internal/module.js:11:18)
    at Object.<anonymous> (E:/node.js/git/tabel/statistic_table/server/index.js:14:1)
    at Module._compile (module.js:643:30)
    at loader (E:\node.js\git\tabel\statistic_table\node_modules\_babel-register@6.26.0@babel-register\lib\node.js:144:5)
2018-03-24 23:32:01: Error: Cannot find module '../common/logger;'
    at Function.Module._resolveFilename (module.js:538:15)
    at Function.Module._load (module.js:468:25)
    at Module.require (module.js:587:17)
    at require (internal/module.js:11:18)
    at Object.<anonymous> (E:/node.js/git/tabel/statistic_table/server/controller/operation.js:9:1)
    at Module._compile (module.js:643:30)
    at loader (E:\node.js\git\tabel\statistic_table\node_modules\_babel-register@6.26.0@babel-register\lib\node.js:144:5)
    at Object.require.extensions.(anonymous function) [as .js] (E:\node.js\git\tabel\statistic_table\node_modules\_babel-register@6.26.0@babel-register\lib\node.js:154:7)
    at Module.load (module.js:556:32)
    at tryModuleLoad (module.js:499:12)
    at Function.Module._load (module.js:491:3)
    at Module.require (module.js:587:17)
    at require (internal/module.js:11:18)
    at Object.<anonymous> (E:/node.js/git/tabel/statistic_table/server/index.js:14:1)
    at Module._compile (module.js:643:30)
    at loader (E:\node.js\git\tabel\statistic_table\node_modules\_babel-register@6.26.0@babel-register\lib\node.js:144:5)
2018-03-24 23:32:04: Error: Cannot find module '../;'
    at Function.Module._resolveFilename (module.js:538:15)
    at Function.Module._load (module.js:468:25)
    at Module.require (module.js:587:17)
    at require (internal/module.js:11:18)
    at Object.<anonymous> (E:/node.js/git/tabel/statistic_table/server/controller/operation.js:9:1)
    at Module._compile (module.js:643:30)
    at loader (E:\node.js\git\tabel\statistic_table\node_modules\_babel-register@6.26.0@babel-register\lib\node.js:144:5)
    at Object.require.extensions.(anonymous function) [as .js] (E:\node.js\git\tabel\statistic_table\node_modules\_babel-register@6.26.0@babel-register\lib\node.js:154:7)
    at Module.load (module.js:556:32)
    at tryModuleLoad (module.js:499:12)
    at Function.Module._load (module.js:491:3)
    at Module.require (module.js:587:17)
    at require (internal/module.js:11:18)
    at Object.<anonymous> (E:/node.js/git/tabel/statistic_table/server/index.js:14:1)
    at Module._compile (module.js:643:30)
    at loader (E:\node.js\git\tabel\statistic_table\node_modules\_babel-register@6.26.0@babel-register\lib\node.js:144:5)
2018-03-24 23:47:00: Error: restart-err
    at _pm2.default.restart (E:/node.js/git/tabel/statistic_table/server/controller/operation.js:50:15)
    at E:\node.js\git\tabel\statistic_table\node_modules\_pm2@2.10.1@pm2\lib\API.js:1398:21
    at E:\node.js\git\tabel\statistic_table\node_modules\_pm2@2.10.1@pm2\lib\Client.js:697:12
    at E:\node.js\git\tabel\statistic_table\node_modules\_pm2-axon-rpc@0.5.0@pm2-axon-rpc\lib\client.js:45:10
    at Parser.<anonymous> (E:\node.js\git\tabel\statistic_table\node_modules\_pm2-axon@3.1.0@pm2-axon\lib\sockets\req.js:67:8)
    at emitOne (events.js:116:13)
    at Parser.emit (events.js:211:7)
    at Parser._write (E:\node.js\git\tabel\statistic_table\node_modules\_amp@0.3.1@amp\lib\stream.js:91:16)
    at doWrite (_stream_writable.js:387:12)
    at writeOrBuffer (_stream_writable.js:373:5)
    at Parser.Writable.write (_stream_writable.js:290:11)
    at Socket.ondata (_stream_readable.js:639:20)
    at emitOne (events.js:116:13)
    at Socket.emit (events.js:211:7)
    at addChunk (_stream_readable.js:263:12)
    at readableAddChunk (_stream_readable.js:250:11)
2018-03-24 23:48:00: Error: restart-err
    at _pm2.default.restart (E:/node.js/git/tabel/statistic_table/server/controller/operation.js:50:15)
    at E:\node.js\git\tabel\statistic_table\node_modules\_pm2@2.10.1@pm2\lib\API.js:1398:21
    at E:\node.js\git\tabel\statistic_table\node_modules\_pm2@2.10.1@pm2\lib\Client.js:697:12
    at E:\node.js\git\tabel\statistic_table\node_modules\_pm2-axon-rpc@0.5.0@pm2-axon-rpc\lib\client.js:45:10
    at Parser.<anonymous> (E:\node.js\git\tabel\statistic_table\node_modules\_pm2-axon@3.1.0@pm2-axon\lib\sockets\req.js:67:8)
    at emitOne (events.js:116:13)
    at Parser.emit (events.js:211:7)
    at Parser._write (E:\node.js\git\tabel\statistic_table\node_modules\_amp@0.3.1@amp\lib\stream.js:91:16)
    at doWrite (_stream_writable.js:387:12)
    at writeOrBuffer (_stream_writable.js:373:5)
    at Parser.Writable.write (_stream_writable.js:290:11)
    at Socket.ondata (_stream_readable.js:639:20)
    at emitOne (events.js:116:13)
    at Socket.emit (events.js:211:7)
    at addChunk (_stream_readable.js:263:12)
    at readableAddChunk (_stream_readable.js:250:11)
2018-03-24 23:49:00: Error: restart-err
    at _pm2.default.restart (E:/node.js/git/tabel/statistic_table/server/controller/operation.js:51:15)
    at E:\node.js\git\tabel\statistic_table\node_modules\_pm2@2.10.1@pm2\lib\API.js:1398:21
    at E:\node.js\git\tabel\statistic_table\node_modules\_pm2@2.10.1@pm2\lib\Client.js:697:12
    at E:\node.js\git\tabel\statistic_table\node_modules\_pm2-axon-rpc@0.5.0@pm2-axon-rpc\lib\client.js:45:10
    at Parser.<anonymous> (E:\node.js\git\tabel\statistic_table\node_modules\_pm2-axon@3.1.0@pm2-axon\lib\sockets\req.js:67:8)
    at emitOne (events.js:116:13)
    at Parser.emit (events.js:211:7)
    at Parser._write (E:\node.js\git\tabel\statistic_table\node_modules\_amp@0.3.1@amp\lib\stream.js:91:16)
    at doWrite (_stream_writable.js:387:12)
    at writeOrBuffer (_stream_writable.js:373:5)
    at Parser.Writable.write (_stream_writable.js:290:11)
    at Socket.ondata (_stream_readable.js:639:20)
    at emitOne (events.js:116:13)
    at Socket.emit (events.js:211:7)
    at addChunk (_stream_readable.js:263:12)
    at readableAddChunk (_stream_readable.js:250:11)
2018-03-24 23:50:00: Error: restart-err
    at _pm2.default.restart (E:/node.js/git/tabel/statistic_table/server/controller/operation.js:51:15)
    at E:\node.js\git\tabel\statistic_table\node_modules\_pm2@2.10.1@pm2\lib\API.js:1398:21
    at E:\node.js\git\tabel\statistic_table\node_modules\_pm2@2.10.1@pm2\lib\Client.js:697:12
    at E:\node.js\git\tabel\statistic_table\node_modules\_pm2-axon-rpc@0.5.0@pm2-axon-rpc\lib\client.js:45:10
    at Parser.<anonymous> (E:\node.js\git\tabel\statistic_table\node_modules\_pm2-axon@3.1.0@pm2-axon\lib\sockets\req.js:67:8)
    at emitOne (events.js:116:13)
    at Parser.emit (events.js:211:7)
    at Parser._write (E:\node.js\git\tabel\statistic_table\node_modules\_amp@0.3.1@amp\lib\stream.js:91:16)
    at doWrite (_stream_writable.js:387:12)
    at writeOrBuffer (_stream_writable.js:373:5)
    at Parser.Writable.write (_stream_writable.js:290:11)
    at Socket.ondata (_stream_readable.js:639:20)
    at emitOne (events.js:116:13)
    at Socket.emit (events.js:211:7)
    at addChunk (_stream_readable.js:263:12)
    at readableAddChunk (_stream_readable.js:250:11)
2018-03-24 23:51:00: Error: restart-err
    at _pm2.default.restart (E:/node.js/git/tabel/statistic_table/server/controller/operation.js:53:15)
    at E:\node.js\git\tabel\statistic_table\node_modules\_pm2@2.10.1@pm2\lib\API.js:1398:21
    at E:\node.js\git\tabel\statistic_table\node_modules\_pm2@2.10.1@pm2\lib\Client.js:697:12
    at E:\node.js\git\tabel\statistic_table\node_modules\_pm2-axon-rpc@0.5.0@pm2-axon-rpc\lib\client.js:45:10
    at Parser.<anonymous> (E:\node.js\git\tabel\statistic_table\node_modules\_pm2-axon@3.1.0@pm2-axon\lib\sockets\req.js:67:8)
    at emitOne (events.js:116:13)
    at Parser.emit (events.js:211:7)
    at Parser._write (E:\node.js\git\tabel\statistic_table\node_modules\_amp@0.3.1@amp\lib\stream.js:91:16)
    at doWrite (_stream_writable.js:387:12)
    at writeOrBuffer (_stream_writable.js:373:5)
    at Parser.Writable.write (_stream_writable.js:290:11)
    at Socket.ondata (_stream_readable.js:639:20)
    at emitOne (events.js:116:13)
    at Socket.emit (events.js:211:7)
    at addChunk (_stream_readable.js:263:12)
    at readableAddChunk (_stream_readable.js:250:11)
2018-03-24 23:52:00: Error: restart-err
    at _pm2.default.restart (E:/node.js/git/tabel/statistic_table/server/controller/operation.js:53:15)
    at E:\node.js\git\tabel\statistic_table\node_modules\_pm2@2.10.1@pm2\lib\API.js:1398:21
    at E:\node.js\git\tabel\statistic_table\node_modules\_pm2@2.10.1@pm2\lib\Client.js:697:12
    at E:\node.js\git\tabel\statistic_table\node_modules\_pm2-axon-rpc@0.5.0@pm2-axon-rpc\lib\client.js:45:10
    at Parser.<anonymous> (E:\node.js\git\tabel\statistic_table\node_modules\_pm2-axon@3.1.0@pm2-axon\lib\sockets\req.js:67:8)
    at emitOne (events.js:116:13)
    at Parser.emit (events.js:211:7)
    at Parser._write (E:\node.js\git\tabel\statistic_table\node_modules\_amp@0.3.1@amp\lib\stream.js:91:16)
    at doWrite (_stream_writable.js:387:12)
    at writeOrBuffer (_stream_writable.js:373:5)
    at Parser.Writable.write (_stream_writable.js:290:11)
    at Socket.ondata (_stream_readable.js:639:20)
    at emitOne (events.js:116:13)
    at Socket.emit (events.js:211:7)
    at addChunk (_stream_readable.js:263:12)
    at readableAddChunk (_stream_readable.js:250:11)
